# JRE version: Java(TM) SE Runtime Environment (7.0_51-b13) (build 1.7.0_51-b13)
# Java VM: Java HotSpot(TM) 64-Bit Server VM (24.51-b03 mixed mode windows-amd64 compressed oops)
Heap
 PSYoungGen      total 71680K, used 21503K [0x00000007d5c80000, 0x00000007da780000, 0x0000000800000000)
  eden space 66560K, 24% used [0x00000007d5c80000,0x00000007d6c7fdb8,0x00000007d9d80000)
  from space 5120K, 100% used [0x00000007da280000,0x00000007da780000,0x00000007da780000)
  to   space 5120K, 0% used [0x00000007d9d80000,0x00000007d9d80000,0x00000007da280000)
 ParOldGen       total 86016K, used 53045K [0x0000000781600000, 0x0000000786a00000, 0x00000007d5c80000)
  object space 86016K, 61% used [0x0000000781600000,0x00000007849cd7c8,0x0000000786a00000)
 PSPermGen       total 21504K, used 3505K [0x000000077c400000, 0x000000077d900000, 0x0000000781600000)
  object space 21504K, 16% used [0x000000077c400000,0x000000077c76c558,0x000000077d900000)
GC Heap History (4 events):
Event: 0.320 GC heap before
{Heap before GC invocations=1 (full 0):
 PSYoungGen      total 38400K, used 33280K [0x00000007d5c80000, 0x00000007d8700000, 0x0000000800000000)
  eden space 33280K, 100% used [0x00000007d5c80000,0x00000007d7d00000,0x00000007d7d00000)
  from space 5120K, 0% used [0x00000007d8200000,0x00000007d8200000,0x00000007d8700000)
  to   space 5120K, 0% used [0x00000007d7d00000,0x00000007d7d00000,0x00000007d8200000)
 ParOldGen       total 86016K, used 0K [0x0000000781600000, 0x0000000786a00000, 0x00000007d5c80000)
  object space 86016K, 0% used [0x0000000781600000,0x0000000781600000,0x0000000786a00000)
 PSPermGen       total 21504K, used 2779K [0x000000077c400000, 0x000000077d900000, 0x0000000781600000)
  object space 21504K, 12% used [0x000000077c400000,0x000000077c6b6c48,0x000000077d900000)
Event: 0.351 GC heap after
Heap after GC invocations=1 (full 0):
 PSYoungGen      total 38400K, used 5104K [0x00000007d5c80000, 0x00000007da780000, 0x0000000800000000)
  eden space 33280K, 0% used [0x00000007d5c80000,0x00000007d5c80000,0x00000007d7d00000)
  from space 5120K, 99% used [0x00000007d7d00000,0x00000007d81fc010,0x00000007d8200000)
  to   space 5120K, 0% used [0x00000007da280000,0x00000007da280000,0x00000007da780000)
 ParOldGen       total 86016K, used 24157K [0x0000000781600000, 0x0000000786a00000, 0x00000007d5c80000)
  object space 86016K, 28% used [0x0000000781600000,0x0000000782d977c8,0x0000000786a00000)
 PSPermGen       total 21504K, used 2779K [0x000000077c400000, 0x000000077d900000, 0x0000000781600000)
  object space 21504K, 12% used [0x000000077c400000,0x000000077c6b6c48,0x000000077d900000)
}
Event: 0.369 GC heap before
{Heap before GC invocations=2 (full 0):
 PSYoungGen      total 38400K, used 38384K [0x00000007d5c80000, 0x00000007da780000, 0x0000000800000000)
  eden space 33280K, 100% used [0x00000007d5c80000,0x00000007d7d00000,0x00000007d7d00000)
  from space 5120K, 99% used [0x00000007d7d00000,0x00000007d81fc010,0x00000007d8200000)
  to   space 5120K, 0% used [0x00000007da280000,0x00000007da280000,0x00000007da780000)
 ParOldGen       total 86016K, used 24157K [0x0000000781600000, 0x0000000786a00000, 0x00000007d5c80000)
  object space 86016K, 28% used [0x0000000781600000,0x0000000782d977c8,0x0000000786a00000)
 PSPermGen       total 21504K, used 2781K [0x000000077c400000, 0x000000077d900000, 0x0000000781600000)
  object space 21504K, 12% used [0x000000077c400000,0x000000077c6b77f0,0x000000077d900000)
Event: 0.407 GC heap after
Heap after GC invocations=2 (full 0):
 PSYoungGen      total 71680K, used 5120K [0x00000007d5c80000, 0x00000007da780000, 0x0000000800000000)
  eden space 66560K, 0% used [0x00000007d5c80000,0x00000007d5c80000,0x00000007d9d80000)
  from space 5120K, 100% used [0x00000007da280000,0x00000007da780000,0x00000007da780000)
  to   space 5120K, 0% used [0x00000007d9d80000,0x00000007d9d80000,0x00000007da280000)
 ParOldGen       total 86016K, used 53045K [0x0000000781600000, 0x0000000786a00000, 0x00000007d5c80000)
  object space 86016K, 61% used [0x0000000781600000,0x00000007849cd7c8,0x0000000786a00000)
 PSPermGen       total 21504K, used 2781K [0x000000077c400000, 0x000000077d900000, 0x0000000781600000)
  object space 21504K, 12% used [0x000000077c400000,0x000000077c6b77f0,0x000000077d900000)
}

